La génération a démarré 20/11/2013 10:27:56.
     1>Projet "H:\TP\POO\PrOOjet\lib\wrapper\wrapper.vcxproj" sur le nœud 3 (build cible(s)).
     1>InitializeBuildStatus:
         Création de "Debug\wrapper.unsuccessfulbuild", car "AlwaysCreate" a été spécifié.
       GenerateTargetFrameworkMonikerAttribute:
       La cible est ignorée "GenerateTargetFrameworkMonikerAttribute", car tous les fichiers de sortie sont à jour par rapport aux fichiers d'entrée.
       ClCompile:
         Toutes les sorties sont à jour.
         Toutes les sorties sont à jour.
         Toutes les sorties sont à jour.
       Link:
         C:\Program Files (x86)\Microsoft Visual Studio 10.0\VC\bin\link.exe /ERRORREPORT:PROMPT /OUT:"H:\TP\POO\PrOOjet\lib\Debug\wrapper.dll" /INCREMENTAL:NO /NOLOGO carte.lib kernel32.lib user32.lib gdi32.lib winspool.lib comdlg32.lib advapi32.lib shell32.lib ole32.lib oleaut32.lib uuid.lib odbc32.lib odbccp32.lib /MANIFEST /ManifestFile:"Debug\wrapper.dll.intermediate.manifest" /MANIFESTUAC:"level='asInvoker' uiAccess='false'" /DEBUG /PDB:"H:\TP\POO\PrOOjet\lib\Debug\wrapper.pdb" /ASSEMBLYDEBUG /TLBID:1 /DYNAMICBASE /FIXED:NO /NXCOMPAT /MACHINE:X86 /DLL Debug\AssemblyInfo.obj
         Debug\Stdafx.obj
         Debug\wrapper.obj
         "Debug\.NETFramework,Version=v4.0.AssemblyAttributes.obj"
     1>carte.lib(carte.obj) : warning LNK4075: ' /EDITANDCONTINUE' ignoré à cause de la spécification '/INCREMENTAL:NO'
         wrapper.vcxproj -> H:\TP\POO\PrOOjet\lib\Debug\wrapper.dll
       Manifest:
         C:\Program Files (x86)\Microsoft SDKs\Windows\v7.0A\bin\mt.exe /nologo /verbose /outputresource:"H:\TP\POO\PrOOjet\lib\Debug\wrapper.dll;#2" /manifest Debug\wrapper.dll.intermediate.manifest
       FinalizeBuildStatus:
         Suppression du fichier "Debug\wrapper.unsuccessfulbuild".
         Mise à jour de l'horodatage "Debug\wrapper.lastbuildstate".
     1>Génération du projet "H:\TP\POO\PrOOjet\lib\wrapper\wrapper.vcxproj" terminée (build cible(s)).

La génération a réussi.

Temps écoulé 00:00:00.60
